<?xml version="1.0" encoding="utf-8"?>
<coverage line-rate="1" branch-rate="1" version="1.9" timestamp="1781627220" lines-covered="360" lines-valid="360" branches-covered="94" branches-valid="94">
  <sources>
    <source>E:\Project\HivespaceProject\hivespace.microservice\src\HiveSpace.NotificationService\HiveSpace.NotificationService.Core\</source>
  </sources>
  <packages>
    <package name="HiveSpace.NotificationService.Core" line-rate="1" branch-rate="1" complexity="184">
      <classes>
        <class name="HiveSpace.NotificationService.Core.Features.Preferences.Queries.GetPreferences.GetPreferencesQueryHandler" filename="Features\Preferences\Queries\GetPreferences\GetPreferencesQueryHandler.cs" line-rate="1" branch-rate="1" complexity="1">
          <methods>
            <method name=".ctor" signature="(HiveSpace.NotificationService.Core.Interfaces.IUserPreferenceRepository,HiveSpace.Core.Contexts.IUserContext)" line-rate="1" branch-rate="1" complexity="1">
              <lines>
                <line number="10" hits="6" branch="False" />
                <line number="11" hits="6" branch="False" />
                <line number="12" hits="6" branch="False" />
              </lines>
            </method>
          </methods>
          <lines>
            <line number="10" hits="6" branch="False" />
            <line number="11" hits="6" branch="False" />
            <line number="12" hits="6" branch="False" />
          </lines>
        </class>
        <class name="HiveSpace.NotificationService.Core.Features.Preferences.Queries.GetPreferences.GetPreferencesQueryHandler/&lt;&gt;c" filename="Features\Preferences\Queries\GetPreferences\GetPreferencesQueryHandler.cs" line-rate="1" branch-rate="1" complexity="2">
          <methods>
            <method name="&lt;Handle&gt;b__3_0" signature="(HiveSpace.NotificationService.Core.DomainModels.UserChannelPreference)" line-rate="1" branch-rate="1" complexity="1">
              <lines>
                <line number="19" hits="7" branch="False" />
              </lines>
            </method>
            <method name="&lt;Handle&gt;b__3_1" signature="(HiveSpace.NotificationService.Core.DomainModels.UserGroupPreference)" line-rate="1" branch-rate="1" complexity="1">
              <lines>
                <line number="20" hits="7" branch="False" />
              </lines>
            </method>
          </methods>
          <lines>
            <line number="19" hits="7" branch="False" />
            <line number="20" hits="7" branch="False" />
          </lines>
        </class>
        <class name="HiveSpace.NotificationService.Core.Features.Preferences.Queries.GetPreferences.GetPreferencesQueryHandler/&lt;&gt;c__DisplayClass3_0" filename="Features\Preferences\Queries\GetPreferences\GetPreferencesQueryHandler.cs" line-rate="1" branch-rate="1" complexity="4">
          <methods>
            <method name="&lt;Handle&gt;b__2" signature="(HiveSpace.NotificationService.Core.DomainModels.NotificationChannel)" line-rate="1" branch-rate="1" complexity="4">
              <lines>
                <line number="24" hits="12" branch="True" condition-coverage="100% (2/2)">
                  <conditions>
                    <condition number="45" type="jump" coverage="100%" />
                  </conditions>
                </line>
                <line number="25" hits="12" branch="False" />
                <line number="26" hits="12" branch="False" />
                <line number="27" hits="12" branch="False" />
                <line number="28" hits="48" branch="True" condition-coverage="100% (2/2)">
                  <conditions>
                    <condition number="31" type="jump" coverage="100%" />
                  </conditions>
                </line>
                <line number="29" hits="48" branch="False" />
                <line number="30" hits="48" branch="False" />
                <line number="31" hits="12" branch="False" />
              </lines>
            </method>
          </methods>
          <lines>
            <line number="24" hits="12" branch="True" condition-coverage="100% (2/2)">
              <conditions>
                <condition number="45" type="jump" coverage="100%" />
              </conditions>
            </line>
            <line number="25" hits="12" branch="False" />
            <line number="26" hits="12" branch="False" />
            <line number="27" hits="12" branch="False" />
            <line number="28" hits="48" branch="True" condition-coverage="100% (2/2)">
              <conditions>
                <condition number="31" type="jump" coverage="100%" />
              </conditions>
            </line>
            <line number="29" hits="48" branch="False" />
            <line number="30" hits="48" branch="False" />
            <line number="31" hits="12" branch="False" />
          </lines>
        </class>
        <class name="HiveSpace.NotificationService.Core.Features.Preferences.Queries.GetPreferences.GetPreferencesQueryHandler/&lt;Handle&gt;d__3" filename="Features\Preferences\Queries\GetPreferences\GetPreferencesQueryHandler.cs" line-rate="1" branch-rate="1" complexity="1">
          <methods>
            <method name="MoveNext" signature="()" line-rate="1" branch-rate="1" complexity="1">
              <lines>
                <line number="15" hits="6" branch="False" />
                <line number="16" hits="6" branch="False" />
                <line number="17" hits="6" branch="False" />
                <line number="21" hits="6" branch="False" />
                <line number="23" hits="6" branch="False" />
                <line number="32" hits="6" branch="False" />
                <line number="33" hits="6" branch="False" />
              </lines>
            </method>
          </methods>
          <lines>
            <line number="15" hits="6" branch="False" />
            <line number="16" hits="6" branch="False" />
            <line number="17" hits="6" branch="False" />
            <line number="21" hits="6" branch="False" />
            <line number="23" hits="6" branch="False" />
            <line number="32" hits="6" branch="False" />
            <line number="33" hits="6" branch="False" />
          </lines>
        </class>
        <class name="HiveSpace.NotificationService.Core.Features.Preferences.Commands.UpsertGroupPreference.UpsertGroupPreferenceCommandHandler" filename="Features\Preferences\Commands\UpsertGroupPreference\UpsertGroupPreferenceCommandHandler.cs" line-rate="1" branch-rate="1" complexity="1">
          <methods>
            <method name=".ctor" signature="(HiveSpace.NotificationService.Core.Interfaces.IUserPreferenceRepository,HiveSpace.Core.Contexts.IUserContext)" line-rate="1" branch-rate="1" complexity="1">
              <lines>
                <line number="11" hits="3" branch="False" />
                <line number="12" hits="3" branch="False" />
                <line number="13" hits="3" branch="False" />
              </lines>
            </method>
          </methods>
          <lines>
            <line number="11" hits="3" branch="False" />
            <line number="12" hits="3" branch="False" />
            <line number="13" hits="3" branch="False" />
          </lines>
        </class>
        <class name="HiveSpace.NotificationService.Core.Features.Preferences.Commands.UpsertGroupPreference.UpsertGroupPreferenceCommandHandler/&lt;Handle&gt;d__3" filename="Features\Preferences\Commands\UpsertGroupPreference\UpsertGroupPreferenceCommandHandler.cs" line-rate="1" branch-rate="1" complexity="2">
          <methods>
            <method name="MoveNext" signature="()" line-rate="1" branch-rate="1" complexity="2">
              <lines>
                <line number="16" hits="3" branch="False" />
                <line number="17" hits="3" branch="False" />
                <line number="18" hits="3" branch="True" condition-coverage="100% (2/2)">
                  <conditions>
                    <condition number="67" type="jump" coverage="100%" />
                  </conditions>
                </line>
                <line number="19" hits="1" branch="False" />
                <line number="21" hits="2" branch="False" />
                <line number="22" hits="2" branch="False" />
                <line number="23" hits="2" branch="False" />
                <line number="24" hits="2" branch="False" />
              </lines>
            </method>
          </methods>
          <lines>
            <line number="16" hits="3" branch="False" />
            <line number="17" hits="3" branch="False" />
            <line number="18" hits="3" branch="True" condition-coverage="100% (2/2)">
              <conditions>
                <condition number="67" type="jump" coverage="100%" />
              </conditions>
            </line>
            <line number="19" hits="1" branch="False" />
            <line number="21" hits="2" branch="False" />
            <line number="22" hits="2" branch="False" />
            <line number="23" hits="2" branch="False" />
            <line number="24" hits="2" branch="False" />
          </lines>
        </class>
        <class name="HiveSpace.NotificationService.Core.Features.Preferences.Commands.UpsertChannelPreference.UpsertChannelPreferenceCommandHandler" filename="Features\Preferences\Commands\UpsertChannelPreference\UpsertChannelPreferenceCommandHandler.cs" line-rate="1" branch-rate="1" complexity="1">
          <methods>
            <method name=".ctor" signature="(HiveSpace.NotificationService.Core.Interfaces.IUserPreferenceRepository,HiveSpace.Core.Contexts.IUserContext)" line-rate="1" branch-rate="1" complexity="1">
              <lines>
                <line number="9" hits="2" branch="False" />
                <line number="10" hits="2" branch="False" />
                <line number="11" hits="2" branch="False" />
              </lines>
            </method>
          </methods>
          <lines>
            <line number="9" hits="2" branch="False" />
            <line number="10" hits="2" branch="False" />
            <line number="11" hits="2" branch="False" />
          </lines>
        </class>
        <class name="HiveSpace.NotificationService.Core.Features.Preferences.Commands.UpsertChannelPreference.UpsertChannelPreferenceCommandHandler/&lt;Handle&gt;d__3" filename="Features\Preferences\Commands\UpsertChannelPreference\UpsertChannelPreferenceCommandHandler.cs" line-rate="1" branch-rate="1" complexity="1">
          <methods>
            <method name="MoveNext" signature="()" line-rate="1" branch-rate="1" complexity="1">
              <lines>
                <line number="14" hits="2" branch="False" />
                <line number="15" hits="2" branch="False" />
                <line number="16" hits="2" branch="False" />
                <line number="17" hits="2" branch="False" />
              </lines>
            </method>
          </methods>
          <lines>
            <line number="14" hits="2" branch="False" />
            <line number="15" hits="2" branch="False" />
            <line number="16" hits="2" branch="False" />
            <line number="17" hits="2" branch="False" />
          </lines>
        </class>
        <class name="HiveSpace.NotificationService.Core.Features.Notifications.Queries.GetUnreadCount.GetUnreadCountQueryHandler" filename="Features\Notifications\Queries\GetUnreadCount\GetUnreadCountQueryHandler.cs" line-rate="1" branch-rate="1" complexity="2">
          <methods>
            <method name="Handle" signature="(HiveSpace.NotificationService.Core.Features.Notifications.Queries.GetUnreadCount.GetUnreadCountQuery,System.Threading.CancellationToken)" line-rate="1" branch-rate="1" complexity="1">
              <lines>
                <line number="13" hits="3" branch="False" />
              </lines>
            </method>
            <method name=".ctor" signature="(HiveSpace.NotificationService.Core.Interfaces.INotificationRepository,HiveSpace.Core.Contexts.IUserContext)" line-rate="1" branch-rate="1" complexity="1">
              <lines>
                <line number="8" hits="3" branch="False" />
                <line number="9" hits="3" branch="False" />
                <line number="10" hits="3" branch="False" />
              </lines>
            </method>
          </methods>
          <lines>
            <line number="13" hits="3" branch="False" />
            <line number="8" hits="3" branch="False" />
            <line number="9" hits="3" branch="False" />
            <line number="10" hits="3" branch="False" />
          </lines>
        </class>
        <class name="HiveSpace.NotificationService.Core.Features.Notifications.Queries.GetNotifications.GetNotificationsQueryHandler" filename="Features\Notifications\Queries\GetNotifications\GetNotificationsQueryHandler.cs" line-rate="1" branch-rate="1" complexity="1">
          <methods>
            <method name=".ctor" signature="(HiveSpace.NotificationService.Core.Interfaces.INotificationRepository,HiveSpace.Core.Contexts.IUserContext)" line-rate="1" branch-rate="1" complexity="1">
              <lines>
                <line number="9" hits="3" branch="False" />
                <line number="10" hits="3" branch="False" />
                <line number="11" hits="3" branch="False" />
              </lines>
            </method>
          </methods>
          <lines>
            <line number="9" hits="3" branch="False" />
            <line number="10" hits="3" branch="False" />
            <line number="11" hits="3" branch="False" />
          </lines>
        </class>
        <class name="HiveSpace.NotificationService.Core.Features.Notifications.Queries.GetNotifications.GetNotificationsQueryHandler/&lt;&gt;c" filename="Features\Notifications\Queries\GetNotifications\GetNotificationsQueryHandler.cs" line-rate="1" branch-rate="1" complexity="1">
          <methods>
            <method name="&lt;Handle&gt;b__3_0" signature="(HiveSpace.NotificationService.Core.DomainModels.Notification)" line-rate="1" branch-rate="1" complexity="1">
              <lines>
                <line number="18" hits="8" branch="False" />
                <line number="19" hits="8" branch="False" />
                <line number="20" hits="8" branch="False" />
                <line number="21" hits="8" branch="False" />
                <line number="22" hits="8" branch="False" />
                <line number="23" hits="8" branch="False" />
                <line number="24" hits="8" branch="False" />
                <line number="25" hits="8" branch="False" />
                <line number="26" hits="8" branch="False" />
                <line number="27" hits="8" branch="False" />
              </lines>
            </method>
          </methods>
          <lines>
            <line number="18" hits="8" branch="False" />
            <line number="19" hits="8" branch="False" />
            <line number="20" hits="8" branch="False" />
            <line number="21" hits="8" branch="False" />
            <line number="22" hits="8" branch="False" />
            <line number="23" hits="8" branch="False" />
            <line number="24" hits="8" branch="False" />
            <line number="25" hits="8" branch="False" />
            <line number="26" hits="8" branch="False" />
            <line number="27" hits="8" branch="False" />
          </lines>
        </class>
        <class name="HiveSpace.NotificationService.Core.Features.Notifications.Queries.GetNotifications.GetNotificationsQueryHandler/&lt;Handle&gt;d__3" filename="Features\Notifications\Queries\GetNotifications\GetNotificationsQueryHandler.cs" line-rate="1" branch-rate="1" complexity="1">
          <methods>
            <method name="MoveNext" signature="()" line-rate="1" branch-rate="1" complexity="1">
              <lines>
                <line number="14" hits="3" branch="False" />
                <line number="15" hits="3" branch="False" />
                <line number="16" hits="3" branch="False" />
                <line number="29" hits="3" branch="False" />
                <line number="30" hits="3" branch="False" />
              </lines>
            </method>
          </methods>
          <lines>
            <line number="14" hits="3" branch="False" />
            <line number="15" hits="3" branch="False" />
            <line number="16" hits="3" branch="False" />
            <line number="29" hits="3" branch="False" />
            <line number="30" hits="3" branch="False" />
          </lines>
        </class>
        <class name="HiveSpace.NotificationService.Core.Features.Notifications.Commands.MarkNotificationRead.MarkNotificationReadCommandHandler" filename="Features\Notifications\Commands\MarkNotificationRead\MarkNotificationReadCommandHandler.cs" line-rate="1" branch-rate="1" complexity="1">
          <methods>
            <method name=".ctor" signature="(HiveSpace.NotificationService.Core.Interfaces.INotificationRepository,HiveSpace.Core.Contexts.IUserContext)" line-rate="1" branch-rate="1" complexity="1">
              <lines>
                <line number="11" hits="3" branch="False" />
                <line number="12" hits="3" branch="False" />
                <line number="13" hits="3" branch="False" />
              </lines>
            </method>
          </methods>
          <lines>
            <line number="11" hits="3" branch="False" />
            <line number="12" hits="3" branch="False" />
            <line number="13" hits="3" branch="False" />
          </lines>
        </class>
        <class name="HiveSpace.NotificationService.Core.Features.Notifications.Commands.MarkNotificationRead.MarkNotificationReadCommandHandler/&lt;Handle&gt;d__3" filename="Features\Notifications\Commands\MarkNotificationRead\MarkNotificationReadCommandHandler.cs" line-rate="1" branch-rate="1" complexity="4">
          <methods>
            <method name="MoveNext" signature="()" line-rate="1" branch-rate="1" complexity="4">
              <lines>
                <line number="16" hits="3" branch="False" />
                <line number="17" hits="3" branch="True" condition-coverage="100% (2/2)">
                  <conditions>
                    <condition number="162" type="jump" coverage="100%" />
                  </conditions>
                </line>
                <line number="18" hits="3" branch="False" />
                <line number="20" hits="2" branch="True" condition-coverage="100% (2/2)">
                  <conditions>
                    <condition number="227" type="jump" coverage="100%" />
                  </conditions>
                </line>
                <line number="21" hits="1" branch="False" />
                <line number="23" hits="1" branch="False" />
                <line number="24" hits="1" branch="False" />
                <line number="25" hits="1" branch="False" />
              </lines>
            </method>
          </methods>
          <lines>
            <line number="16" hits="3" branch="False" />
            <line number="17" hits="3" branch="True" condition-coverage="100% (2/2)">
              <conditions>
                <condition number="162" type="jump" coverage="100%" />
              </conditions>
            </line>
            <line number="18" hits="3" branch="False" />
            <line number="20" hits="2" branch="True" condition-coverage="100% (2/2)">
              <conditions>
                <condition number="227" type="jump" coverage="100%" />
              </conditions>
            </line>
            <line number="21" hits="1" branch="False" />
            <line number="23" hits="1" branch="False" />
            <line number="24" hits="1" branch="False" />
            <line number="25" hits="1" branch="False" />
          </lines>
        </class>
        <class name="HiveSpace.NotificationService.Core.Exceptions.NotificationDomainErrorCode" filename="Exceptions\NotificationDomainErrorCode.cs" line-rate="1" branch-rate="1" complexity="2">
          <methods>
            <method name=".ctor" signature="(System.Int32,System.String,System.String)" line-rate="1" branch-rate="1" complexity="1">
              <lines>
                <line number="7" hits="12" branch="False" />
              </lines>
            </method>
            <method name=".cctor" signature="()" line-rate="1" branch-rate="1" complexity="1">
              <lines>
                <line number="9" hits="1" branch="False" />
                <line number="10" hits="1" branch="False" />
                <line number="11" hits="1" branch="False" />
                <line number="12" hits="1" branch="False" />
              </lines>
            </method>
          </methods>
          <lines>
            <line number="7" hits="12" branch="False" />
            <line number="9" hits="1" branch="False" />
            <line number="10" hits="1" branch="False" />
            <line number="11" hits="1" branch="False" />
            <line number="12" hits="1" branch="False" />
          </lines>
        </class>
        <class name="HiveSpace.NotificationService.Core.DomainModels.DeliveryAttempt" filename="DomainModels\DeliveryAttempt.cs" line-rate="1" branch-rate="1" complexity="9">
          <methods>
            <method name="get_Id" signature="()" line-rate="1" branch-rate="1" complexity="1">
              <lines>
                <line number="5" hits="5" branch="False" />
              </lines>
            </method>
            <method name="get_NotificationId" signature="()" line-rate="1" branch-rate="1" complexity="1">
              <lines>
                <line number="6" hits="5" branch="False" />
              </lines>
            </method>
            <method name="get_AttemptNumber" signature="()" line-rate="1" branch-rate="1" complexity="1">
              <lines>
                <line number="7" hits="5" branch="False" />
              </lines>
            </method>
            <method name="get_AttemptedAt" signature="()" line-rate="1" branch-rate="1" complexity="1">
              <lines>
                <line number="8" hits="5" branch="False" />
              </lines>
            </method>
            <method name="get_Success" signature="()" line-rate="1" branch-rate="1" complexity="1">
              <lines>
                <line number="9" hits="5" branch="False" />
              </lines>
            </method>
            <method name="get_ProviderResponse" signature="()" line-rate="1" branch-rate="1" complexity="1">
              <lines>
                <line number="10" hits="5" branch="False" />
              </lines>
            </method>
            <method name="get_ErrorMessage" signature="()" line-rate="1" branch-rate="1" complexity="1">
              <lines>
                <line number="11" hits="5" branch="False" />
              </lines>
            </method>
            <method name="Create" signature="(System.Guid,System.Int32,System.Boolean,System.String,System.String)" line-rate="1" branch-rate="1" complexity="1">
              <lines>
                <line number="18" hits="5" branch="False" />
                <line number="19" hits="5" branch="False" />
                <line number="20" hits="5" branch="False" />
                <line number="21" hits="5" branch="False" />
                <line number="22" hits="5" branch="False" />
                <line number="23" hits="5" branch="False" />
                <line number="24" hits="5" branch="False" />
                <line number="25" hits="5" branch="False" />
                <line number="26" hits="5" branch="False" />
                <line number="27" hits="5" branch="False" />
              </lines>
            </method>
            <method name=".ctor" signature="()" line-rate="1" branch-rate="1" complexity="1">
              <lines>
                <line number="13" hits="15" branch="False" />
              </lines>
            </method>
          </methods>
          <lines>
            <line number="5" hits="5" branch="False" />
            <line number="6" hits="5" branch="False" />
            <line number="7" hits="5" branch="False" />
            <line number="8" hits="5" branch="False" />
            <line number="9" hits="5" branch="False" />
            <line number="10" hits="5" branch="False" />
            <line number="11" hits="5" branch="False" />
            <line number="18" hits="5" branch="False" />
            <line number="19" hits="5" branch="False" />
            <line number="20" hits="5" branch="False" />
            <line number="21" hits="5" branch="False" />
            <line number="22" hits="5" branch="False" />
            <line number="23" hits="5" branch="False" />
            <line number="24" hits="5" branch="False" />
            <line number="25" hits="5" branch="False" />
            <line number="26" hits="5" branch="False" />
            <line number="27" hits="5" branch="False" />
            <line number="13" hits="15" branch="False" />
          </lines>
        </class>
        <class name="HiveSpace.NotificationService.Core.DomainModels.Notification" filename="DomainModels\Notification.cs" line-rate="1" branch-rate="1" complexity="22">
          <methods>
            <method name="get_Id" signature="()" line-rate="1" branch-rate="1" complexity="1">
              <lines>
                <line number="5" hits="63" branch="False" />
              </lines>
            </method>
            <method name="get_UserId" signature="()" line-rate="1" branch-rate="1" complexity="1">
              <lines>
                <line number="6" hits="47" branch="False" />
              </lines>
            </method>
            <method name="get_Channel" signature="()" line-rate="1" branch-rate="1" complexity="1">
              <lines>
                <line number="7" hits="60" branch="False" />
              </lines>
            </method>
            <method name="get_EventType" signature="()" line-rate="1" branch-rate="1" complexity="1">
              <lines>
                <line number="8" hits="81" branch="False" />
              </lines>
            </method>
            <method name="get_IdempotencyKey" signature="()" line-rate="1" branch-rate="1" complexity="1">
              <lines>
                <line number="11" hits="76" branch="False" />
              </lines>
            </method>
            <method name="get_Status" signature="()" line-rate="1" branch-rate="1" complexity="1">
              <lines>
                <line number="13" hits="99" branch="False" />
              </lines>
            </method>
            <method name="get_Payload" signature="()" line-rate="1" branch-rate="1" complexity="1">
              <lines>
                <line number="16" hits="83" branch="False" />
              </lines>
            </method>
            <method name="get_CreatedAt" signature="()" line-rate="1" branch-rate="1" complexity="1">
              <lines>
                <line number="18" hits="43" branch="False" />
              </lines>
            </method>
            <method name="get_SentAt" signature="()" line-rate="1" branch-rate="1" complexity="1">
              <lines>
                <line number="19" hits="19" branch="False" />
              </lines>
            </method>
            <method name="get_ReadAt" signature="()" line-rate="1" branch-rate="1" complexity="1">
              <lines>
                <line number="22" hits="12" branch="False" />
              </lines>
            </method>
            <method name="get_ErrorMessage" signature="()" line-rate="1" branch-rate="1" complexity="1">
              <lines>
                <line number="24" hits="12" branch="False" />
              </lines>
            </method>
            <method name="get_AttemptCount" signature="()" line-rate="1" branch-rate="1" complexity="1">
              <lines>
                <line number="25" hits="36" branch="False" />
              </lines>
            </method>
            <method name="get_Attempts" signature="()" line-rate="1" branch-rate="1" complexity="1">
              <lines>
                <line number="28" hits="1" branch="False" />
              </lines>
            </method>
            <method name="Create" signature="(System.Guid,HiveSpace.NotificationService.Core.DomainModels.NotificationChannel,System.String,System.String,System.String)" line-rate="1" branch-rate="1" complexity="1">
              <lines>
                <line number="38" hits="38" branch="False" />
                <line number="39" hits="38" branch="False" />
                <line number="40" hits="38" branch="False" />
                <line number="41" hits="38" branch="False" />
                <line number="42" hits="38" branch="False" />
                <line number="43" hits="38" branch="False" />
                <line number="44" hits="38" branch="False" />
                <line number="45" hits="38" branch="False" />
                <line number="46" hits="38" branch="False" />
                <line number="47" hits="38" branch="False" />
                <line number="48" hits="38" branch="False" />
              </lines>
            </method>
            <method name="MarkSent" signature="()" line-rate="1" branch-rate="1" complexity="1">
              <lines>
                <line number="51" hits="19" branch="False" />
                <line number="52" hits="19" branch="False" />
                <line number="53" hits="19" branch="False" />
                <line number="54" hits="19" branch="False" />
              </lines>
            </method>
            <method name="MarkFailed" signature="(System.String)" line-rate="1" branch-rate="1" complexity="1">
              <lines>
                <line number="57" hits="6" branch="False" />
                <line number="58" hits="6" branch="False" />
                <line number="59" hits="6" branch="False" />
                <line number="60" hits="6" branch="False" />
              </lines>
            </method>
            <method name="MarkThrottled" signature="()" line-rate="1" branch-rate="1" complexity="1">
              <lines>
                <line number="62" hits="3" branch="False" />
              </lines>
            </method>
            <method name="MarkDead" signature="(System.String)" line-rate="1" branch-rate="1" complexity="1">
              <lines>
                <line number="65" hits="2" branch="False" />
                <line number="66" hits="2" branch="False" />
                <line number="67" hits="2" branch="False" />
                <line number="68" hits="2" branch="False" />
              </lines>
            </method>
            <method name="MarkRead" signature="()" line-rate="1" branch-rate="1" complexity="1">
              <lines>
                <line number="71" hits="5" branch="False" />
                <line number="72" hits="5" branch="False" />
                <line number="73" hits="5" branch="False" />
                <line number="74" hits="5" branch="False" />
              </lines>
            </method>
            <method name="IncrementAttempt" signature="()" line-rate="1" branch-rate="1" complexity="1">
              <lines>
                <line number="76" hits="11" branch="False" />
              </lines>
            </method>
            <method name="AddAttempt" signature="(HiveSpace.NotificationService.Core.DomainModels.DeliveryAttempt)" line-rate="1" branch-rate="1" complexity="1">
              <lines>
                <line number="78" hits="5" branch="False" />
              </lines>
            </method>
            <method name=".ctor" signature="()" line-rate="1" branch-rate="1" complexity="1">
              <lines>
                <line number="27" hits="38" branch="False" />
                <line number="30" hits="114" branch="False" />
              </lines>
            </method>
          </methods>
          <lines>
            <line number="5" hits="63" branch="False" />
            <line number="6" hits="47" branch="False" />
            <line number="7" hits="60" branch="False" />
            <line number="8" hits="81" branch="False" />
            <line number="11" hits="76" branch="False" />
            <line number="13" hits="99" branch="False" />
            <line number="16" hits="83" branch="False" />
            <line number="18" hits="43" branch="False" />
            <line number="19" hits="19" branch="False" />
            <line number="22" hits="12" branch="False" />
            <line number="24" hits="12" branch="False" />
            <line number="25" hits="36" branch="False" />
            <line number="28" hits="1" branch="False" />
            <line number="38" hits="38" branch="False" />
            <line number="39" hits="38" branch="False" />
            <line number="40" hits="38" branch="False" />
            <line number="41" hits="38" branch="False" />
            <line number="42" hits="38" branch="False" />
            <line number="43" hits="38" branch="False" />
            <line number="44" hits="38" branch="False" />
            <line number="45" hits="38" branch="False" />
            <line number="46" hits="38" branch="False" />
            <line number="47" hits="38" branch="False" />
            <line number="48" hits="38" branch="False" />
            <line number="51" hits="19" branch="False" />
            <line number="52" hits="19" branch="False" />
            <line number="53" hits="19" branch="False" />
            <line number="54" hits="19" branch="False" />
            <line number="57" hits="6" branch="False" />
            <line number="58" hits="6" branch="False" />
            <line number="59" hits="6" branch="False" />
            <line number="60" hits="6" branch="False" />
            <line number="62" hits="3" branch="False" />
            <line number="65" hits="2" branch="False" />
            <line number="66" hits="2" branch="False" />
            <line number="67" hits="2" branch="False" />
            <line number="68" hits="2" branch="False" />
            <line number="71" hits="5" branch="False" />
            <line number="72" hits="5" branch="False" />
            <line number="73" hits="5" branch="False" />
            <line number="74" hits="5" branch="False" />
            <line number="76" hits="11" branch="False" />
            <line number="78" hits="5" branch="False" />
            <line number="27" hits="38" branch="False" />
            <line number="30" hits="114" branch="False" />
          </lines>
        </class>
        <class name="HiveSpace.NotificationService.Core.DomainModels.NotificationEventGroup" filename="DomainModels\NotificationEventGroup.cs" line-rate="1" branch-rate="1" complexity="67">
          <methods>
            <method name="ForRole" signature="(System.String)" line-rate="1" branch-rate="1" complexity="8">
              <lines>
                <line number="26" hits="5" branch="True" condition-coverage="100% (8/8)">
                  <conditions>
                    <condition number="15" type="jump" coverage="100%" />
                    <condition number="28" type="jump" coverage="100%" />
                    <condition number="41" type="jump" coverage="100%" />
                    <condition number="54" type="jump" coverage="100%" />
                  </conditions>
                </line>
                <line number="27" hits="5" branch="False" />
                <line number="28" hits="1" branch="False" />
                <line number="29" hits="1" branch="False" />
                <line number="30" hits="2" branch="False" />
                <line number="31" hits="1" branch="False" />
                <line number="32" hits="5" branch="False" />
              </lines>
            </method>
            <method name="ForRole" signature="(HiveSpace.Core.Contexts.IUserContext)" line-rate="1" branch-rate="1" complexity="8">
              <lines>
                <line number="35" hits="14" branch="False" />
                <line number="36" hits="16" branch="True" condition-coverage="100% (2/2)">
                  <conditions>
                    <condition number="9" type="jump" coverage="100%" />
                  </conditions>
                </line>
                <line number="37" hits="21" branch="True" condition-coverage="100% (2/2)">
                  <conditions>
                    <condition number="27" type="jump" coverage="100%" />
                  </conditions>
                </line>
                <line number="38" hits="5" branch="True" condition-coverage="100% (4/4)">
                  <conditions>
                    <condition number="43" type="jump" coverage="100%" />
                    <condition number="56" type="jump" coverage="100%" />
                  </conditions>
                </line>
                <line number="39" hits="1" branch="False" />
                <line number="40" hits="14" branch="False" />
              </lines>
            </method>
            <method name="FromEventType" signature="(System.String)" line-rate="1" branch-rate="1" complexity="50">
              <lines>
                <line number="42" hits="14" branch="True" condition-coverage="100% (50/50)">
                  <conditions>
                    <condition number="17" type="jump" coverage="100%" />
                    <condition number="25" type="jump" coverage="100%" />
                    <condition number="33" type="jump" coverage="100%" />
                    <condition number="62" type="jump" coverage="100%" />
                    <condition number="75" type="jump" coverage="100%" />
                    <condition number="104" type="jump" coverage="100%" />
                    <condition number="112" type="jump" coverage="100%" />
                    <condition number="125" type="jump" coverage="100%" />
                    <condition number="151" type="jump" coverage="100%" />
                    <condition number="161" type="jump" coverage="100%" />
                    <condition number="138" type="jump" coverage="100%" />
                    <condition number="88" type="jump" coverage="100%" />
                    <condition number="174" type="jump" coverage="100%" />
                    <condition number="46" type="jump" coverage="100%" />
                    <condition number="192" type="jump" coverage="100%" />
                    <condition number="213" type="jump" coverage="100%" />
                    <condition number="234" type="jump" coverage="100%" />
                    <condition number="255" type="jump" coverage="100%" />
                    <condition number="273" type="jump" coverage="100%" />
                    <condition number="291" type="jump" coverage="100%" />
                    <condition number="306" type="jump" coverage="100%" />
                    <condition number="321" type="jump" coverage="100%" />
                    <condition number="336" type="jump" coverage="100%" />
                    <condition number="351" type="jump" coverage="100%" />
                    <condition number="366" type="jump" coverage="100%" />
                  </conditions>
                </line>
                <line number="43" hits="14" branch="False" />
                <line number="44" hits="14" branch="False" />
                <line number="45" hits="14" branch="False" />
                <line number="46" hits="14" branch="False" />
                <line number="47" hits="6" branch="False" />
                <line number="48" hits="14" branch="False" />
                <line number="49" hits="14" branch="False" />
                <line number="50" hits="14" branch="False" />
                <line number="51" hits="3" branch="False" />
                <line number="52" hits="14" branch="False" />
                <line number="53" hits="1" branch="False" />
                <line number="54" hits="1" branch="False" />
                <line number="55" hits="14" branch="False" />
                <line number="56" hits="14" branch="False" />
                <line number="57" hits="2" branch="False" />
                <line number="58" hits="14" branch="False" />
                <line number="59" hits="1" branch="False" />
                <line number="60" hits="14" branch="False" />
              </lines>
            </method>
            <method name=".cctor" signature="()" line-rate="1" branch-rate="1" complexity="1">
              <lines>
                <line number="15" hits="1" branch="False" />
                <line number="16" hits="1" branch="False" />
                <line number="18" hits="1" branch="False" />
                <line number="19" hits="1" branch="False" />
                <line number="21" hits="1" branch="False" />
                <line number="22" hits="1" branch="False" />
                <line number="24" hits="1" branch="False" />
              </lines>
            </method>
          </methods>
          <lines>
            <line number="26" hits="5" branch="True" condition-coverage="100% (8/8)">
              <conditions>
                <condition number="15" type="jump" coverage="100%" />
                <condition number="28" type="jump" coverage="100%" />
                <condition number="41" type="jump" coverage="100%" />
                <condition number="54" type="jump" coverage="100%" />
              </conditions>
            </line>
            <line number="27" hits="5" branch="False" />
            <line number="28" hits="1" branch="False" />
            <line number="29" hits="1" branch="False" />
            <line number="30" hits="2" branch="False" />
            <line number="31" hits="1" branch="False" />
            <line number="32" hits="5" branch="False" />
            <line number="35" hits="14" branch="False" />
            <line number="36" hits="16" branch="True" condition-coverage="100% (2/2)">
              <conditions>
                <condition number="9" type="jump" coverage="100%" />
              </conditions>
            </line>
            <line number="37" hits="21" branch="True" condition-coverage="100% (2/2)">
              <conditions>
                <condition number="27" type="jump" coverage="100%" />
              </conditions>
            </line>
            <line number="38" hits="5" branch="True" condition-coverage="100% (4/4)">
              <conditions>
                <condition number="43" type="jump" coverage="100%" />
                <condition number="56" type="jump" coverage="100%" />
              </conditions>
            </line>
            <line number="39" hits="1" branch="False" />
            <line number="40" hits="14" branch="False" />
            <line number="42" hits="14" branch="True" condition-coverage="100% (50/50)">
              <conditions>
                <condition number="17" type="jump" coverage="100%" />
                <condition number="25" type="jump" coverage="100%" />
                <condition number="33" type="jump" coverage="100%" />
                <condition number="62" type="jump" coverage="100%" />
                <condition number="75" type="jump" coverage="100%" />
                <condition number="104" type="jump" coverage="100%" />
                <condition number="112" type="jump" coverage="100%" />
                <condition number="125" type="jump" coverage="100%" />
                <condition number="151" type="jump" coverage="100%" />
                <condition number="161" type="jump" coverage="100%" />
                <condition number="138" type="jump" coverage="100%" />
                <condition number="88" type="jump" coverage="100%" />
                <condition number="174" type="jump" coverage="100%" />
                <condition number="46" type="jump" coverage="100%" />
                <condition number="192" type="jump" coverage="100%" />
                <condition number="213" type="jump" coverage="100%" />
                <condition number="234" type="jump" coverage="100%" />
                <condition number="255" type="jump" coverage="100%" />
                <condition number="273" type="jump" coverage="100%" />
                <condition number="291" type="jump" coverage="100%" />
                <condition number="306" type="jump" coverage="100%" />
                <condition number="321" type="jump" coverage="100%" />
                <condition number="336" type="jump" coverage="100%" />
                <condition number="351" type="jump" coverage="100%" />
                <condition number="366" type="jump" coverage="100%" />
              </conditions>
            </line>
            <line number="43" hits="14" branch="False" />
            <line number="44" hits="14" branch="False" />
            <line number="45" hits="14" branch="False" />
            <line number="46" hits="14" branch="False" />
            <line number="47" hits="6" branch="False" />
            <line number="48" hits="14" branch="False" />
            <line number="49" hits="14" branch="False" />
            <line number="50" hits="14" branch="False" />
            <line number="51" hits="3" branch="False" />
            <line number="52" hits="14" branch="False" />
            <line number="53" hits="1" branch="False" />
            <line number="54" hits="1" branch="False" />
            <line number="55" hits="14" branch="False" />
            <line number="56" hits="14" branch="False" />
            <line number="57" hits="2" branch="False" />
            <line number="58" hits="14" branch="False" />
            <line number="59" hits="1" branch="False" />
            <line number="60" hits="14" branch="False" />
            <line number="15" hits="1" branch="False" />
            <line number="16" hits="1" branch="False" />
            <line number="18" hits="1" branch="False" />
            <line number="19" hits="1" branch="False" />
            <line number="21" hits="1" branch="False" />
            <line number="22" hits="1" branch="False" />
            <line number="24" hits="1" branch="False" />
          </lines>
        </class>
        <class name="HiveSpace.NotificationService.Core.DomainModels.NotificationTemplate" filename="DomainModels\NotificationTemplate.cs" line-rate="1" branch-rate="1" complexity="9">
          <methods>
            <method name="get_EventType" signature="()" line-rate="1" branch-rate="1" complexity="1">
              <lines>
                <line number="7" hits="5" branch="False" />
              </lines>
            </method>
            <method name="get_Channel" signature="()" line-rate="1" branch-rate="1" complexity="1">
              <lines>
                <line number="8" hits="3" branch="False" />
              </lines>
            </method>
            <method name="get_Locale" signature="()" line-rate="1" branch-rate="1" complexity="1">
              <lines>
                <line number="9" hits="5" branch="False" />
              </lines>
            </method>
            <method name="get_Subject" signature="()" line-rate="1" branch-rate="1" complexity="1">
              <lines>
                <line number="12" hits="7" branch="False" />
              </lines>
            </method>
            <method name="get_BodyTemplate" signature="()" line-rate="1" branch-rate="1" complexity="1">
              <lines>
                <line number="15" hits="7" branch="False" />
              </lines>
            </method>
            <method name="get_UpdatedAt" signature="()" line-rate="1" branch-rate="1" complexity="1">
              <lines>
                <line number="17" hits="5" branch="False" />
              </lines>
            </method>
            <method name="Create" signature="(System.String,HiveSpace.NotificationService.Core.DomainModels.NotificationChannel,HiveSpace.Domain.Shared.Enumerations.Culture,System.String,System.String)" line-rate="1" branch-rate="1" complexity="1">
              <lines>
                <line number="24" hits="2" branch="False" />
                <line number="25" hits="2" branch="False" />
                <line number="26" hits="2" branch="False" />
                <line number="27" hits="2" branch="False" />
                <line number="28" hits="2" branch="False" />
                <line number="29" hits="2" branch="False" />
                <line number="30" hits="2" branch="False" />
                <line number="31" hits="2" branch="False" />
                <line number="32" hits="2" branch="False" />
              </lines>
            </method>
            <method name="Update" signature="(System.String,System.String)" line-rate="1" branch-rate="1" complexity="1">
              <lines>
                <line number="35" hits="1" branch="False" />
                <line number="36" hits="1" branch="False" />
                <line number="37" hits="1" branch="False" />
                <line number="38" hits="1" branch="False" />
                <line number="39" hits="1" branch="False" />
              </lines>
            </method>
            <method name=".ctor" signature="()" line-rate="1" branch-rate="1" complexity="1">
              <lines>
                <line number="19" hits="6" branch="False" />
              </lines>
            </method>
          </methods>
          <lines>
            <line number="7" hits="5" branch="False" />
            <line number="8" hits="3" branch="False" />
            <line number="9" hits="5" branch="False" />
            <line number="12" hits="7" branch="False" />
            <line number="15" hits="7" branch="False" />
            <line number="17" hits="5" branch="False" />
            <line number="24" hits="2" branch="False" />
            <line number="25" hits="2" branch="False" />
            <line number="26" hits="2" branch="False" />
            <line number="27" hits="2" branch="False" />
            <line number="28" hits="2" branch="False" />
            <line number="29" hits="2" branch="False" />
            <line number="30" hits="2" branch="False" />
            <line number="31" hits="2" branch="False" />
            <line number="32" hits="2" branch="False" />
            <line number="35" hits="1" branch="False" />
            <line number="36" hits="1" branch="False" />
            <line number="37" hits="1" branch="False" />
            <line number="38" hits="1" branch="False" />
            <line number="39" hits="1" branch="False" />
            <line number="19" hits="6" branch="False" />
          </lines>
        </class>
        <class name="HiveSpace.NotificationService.Core.DomainModels.UserChannelPreference" filename="DomainModels\UserChannelPreference.cs" line-rate="1" branch-rate="1" complexity="7">
          <methods>
            <method name="get_UserId" signature="()" line-rate="1" branch-rate="1" complexity="1">
              <lines>
                <line number="5" hits="11" branch="False" />
              </lines>
            </method>
            <method name="get_Channel" signature="()" line-rate="1" branch-rate="1" complexity="1">
              <lines>
                <line number="6" hits="12" branch="False" />
              </lines>
            </method>
            <method name="get_Enabled" signature="()" line-rate="1" branch-rate="1" complexity="1">
              <lines>
                <line number="7" hits="22" branch="False" />
              </lines>
            </method>
            <method name="get_UpdatedAt" signature="()" line-rate="1" branch-rate="1" complexity="1">
              <lines>
                <line number="8" hits="13" branch="False" />
              </lines>
            </method>
            <method name="Create" signature="(System.Guid,HiveSpace.NotificationService.Core.DomainModels.NotificationChannel,System.Boolean)" line-rate="1" branch-rate="1" complexity="1">
              <lines>
                <line number="13" hits="9" branch="False" />
              </lines>
            </method>
            <method name="SetEnabled" signature="(System.Boolean)" line-rate="1" branch-rate="1" complexity="1">
              <lines>
                <line number="16" hits="4" branch="False" />
                <line number="17" hits="4" branch="False" />
                <line number="18" hits="4" branch="False" />
                <line number="19" hits="4" branch="False" />
              </lines>
            </method>
            <method name=".ctor" signature="()" line-rate="1" branch-rate="1" complexity="1">
              <lines>
                <line number="10" hits="27" branch="False" />
              </lines>
            </method>
          </methods>
          <lines>
            <line number="5" hits="11" branch="False" />
            <line number="6" hits="12" branch="False" />
            <line number="7" hits="22" branch="False" />
            <line number="8" hits="13" branch="False" />
            <line number="13" hits="9" branch="False" />
            <line number="16" hits="4" branch="False" />
            <line number="17" hits="4" branch="False" />
            <line number="18" hits="4" branch="False" />
            <line number="19" hits="4" branch="False" />
            <line number="10" hits="27" branch="False" />
          </lines>
        </class>
        <class name="HiveSpace.NotificationService.Core.DomainModels.UserGroupPreference" filename="DomainModels\UserGroupPreference.cs" line-rate="1" branch-rate="1" complexity="8">
          <methods>
            <method name="get_UserId" signature="()" line-rate="1" branch-rate="1" complexity="1">
              <lines>
                <line number="5" hits="6" branch="False" />
              </lines>
            </method>
            <method name="get_Channel" signature="()" line-rate="1" branch-rate="1" complexity="1">
              <lines>
                <line number="6" hits="7" branch="False" />
              </lines>
            </method>
            <method name="get_EventGroup" signature="()" line-rate="1" branch-rate="1" complexity="1">
              <lines>
                <line number="7" hits="11" branch="False" />
              </lines>
            </method>
            <method name="get_Enabled" signature="()" line-rate="1" branch-rate="1" complexity="1">
              <lines>
                <line number="8" hits="9" branch="False" />
              </lines>
            </method>
            <method name="get_UpdatedAt" signature="()" line-rate="1" branch-rate="1" complexity="1">
              <lines>
                <line number="9" hits="5" branch="False" />
              </lines>
            </method>
            <method name="Create" signature="(System.Guid,HiveSpace.NotificationService.Core.DomainModels.NotificationChannel,System.String,System.Boolean)" line-rate="1" branch-rate="1" complexity="1">
              <lines>
                <line number="15" hits="4" branch="False" />
                <line number="16" hits="4" branch="False" />
                <line number="17" hits="4" branch="False" />
                <line number="18" hits="4" branch="False" />
                <line number="19" hits="4" branch="False" />
                <line number="20" hits="4" branch="False" />
                <line number="21" hits="4" branch="False" />
                <line number="22" hits="4" branch="False" />
              </lines>
            </method>
            <method name="SetEnabled" signature="(System.Boolean)" line-rate="1" branch-rate="1" complexity="1">
              <lines>
                <line number="25" hits="1" branch="False" />
                <line number="26" hits="1" branch="False" />
                <line number="27" hits="1" branch="False" />
                <line number="28" hits="1" branch="False" />
              </lines>
            </method>
            <method name=".ctor" signature="()" line-rate="1" branch-rate="1" complexity="1">
              <lines>
                <line number="11" hits="12" branch="False" />
              </lines>
            </method>
          </methods>
          <lines>
            <line number="5" hits="6" branch="False" />
            <line number="6" hits="7" branch="False" />
            <line number="7" hits="11" branch="False" />
            <line number="8" hits="9" branch="False" />
            <line number="9" hits="5" branch="False" />
            <line number="15" hits="4" branch="False" />
            <line number="16" hits="4" branch="False" />
            <line number="17" hits="4" branch="False" />
            <line number="18" hits="4" branch="False" />
            <line number="19" hits="4" branch="False" />
            <line number="20" hits="4" branch="False" />
            <line number="21" hits="4" branch="False" />
            <line number="22" hits="4" branch="False" />
            <line number="25" hits="1" branch="False" />
            <line number="26" hits="1" branch="False" />
            <line number="27" hits="1" branch="False" />
            <line number="28" hits="1" branch="False" />
            <line number="11" hits="12" branch="False" />
          </lines>
        </class>
        <class name="HiveSpace.NotificationService.Core.DomainModels.External.UserRef" filename="DomainModels\External\UserRef.cs" line-rate="1" branch-rate="1" complexity="15">
          <methods>
            <method name="get_Id" signature="()" line-rate="1" branch-rate="1" complexity="1">
              <lines>
                <line number="7" hits="4" branch="False" />
              </lines>
            </method>
            <method name="get_Email" signature="()" line-rate="1" branch-rate="1" complexity="1">
              <lines>
                <line number="8" hits="9" branch="False" />
              </lines>
            </method>
            <method name="get_PhoneNumber" signature="()" line-rate="1" branch-rate="1" complexity="1">
              <lines>
                <line number="9" hits="6" branch="False" />
              </lines>
            </method>
            <method name="get_FullName" signature="()" line-rate="1" branch-rate="1" complexity="1">
              <lines>
                <line number="10" hits="9" branch="False" />
              </lines>
            </method>
            <method name="get_UserName" signature="()" line-rate="1" branch-rate="1" complexity="1">
              <lines>
                <line number="11" hits="5" branch="False" />
              </lines>
            </method>
            <method name="get_AvatarUrl" signature="()" line-rate="1" branch-rate="1" complexity="1">
              <lines>
                <line number="12" hits="5" branch="False" />
              </lines>
            </method>
            <method name="get_StoreId" signature="()" line-rate="1" branch-rate="1" complexity="1">
              <lines>
                <line number="15" hits="6" branch="False" />
              </lines>
            </method>
            <method name="get_StoreName" signature="()" line-rate="1" branch-rate="1" complexity="1">
              <lines>
                <line number="16" hits="5" branch="False" />
              </lines>
            </method>
            <method name="get_StoreLogoUrl" signature="()" line-rate="1" branch-rate="1" complexity="1">
              <lines>
                <line number="17" hits="5" branch="False" />
              </lines>
            </method>
            <method name="get_Locale" signature="()" line-rate="1" branch-rate="1" complexity="1">
              <lines>
                <line number="19" hits="9" branch="False" />
              </lines>
            </method>
            <method name="get_UpdatedAt" signature="()" line-rate="1" branch-rate="1" complexity="1">
              <lines>
                <line number="21" hits="7" branch="False" />
              </lines>
            </method>
            <method name="Create" signature="(System.Guid,System.String,System.String,System.String,HiveSpace.Domain.Shared.Enumerations.Culture,System.String,System.String,System.Nullable`1&lt;System.Guid&gt;,System.String,System.String)" line-rate="1" branch-rate="1" complexity="1">
              <lines>
                <line number="30" hits="3" branch="False" />
                <line number="31" hits="3" branch="False" />
                <line number="32" hits="3" branch="False" />
                <line number="33" hits="3" branch="False" />
                <line number="34" hits="3" branch="False" />
                <line number="35" hits="3" branch="False" />
                <line number="36" hits="3" branch="False" />
                <line number="37" hits="3" branch="False" />
                <line number="38" hits="3" branch="False" />
                <line number="39" hits="3" branch="False" />
                <line number="40" hits="3" branch="False" />
                <line number="41" hits="3" branch="False" />
                <line number="42" hits="3" branch="False" />
                <line number="43" hits="3" branch="False" />
              </lines>
            </method>
            <method name="Update" signature="(System.String,System.String,System.String,HiveSpace.Domain.Shared.Enumerations.Culture,System.String,System.String)" line-rate="1" branch-rate="1" complexity="1">
              <lines>
                <line number="47" hits="1" branch="False" />
                <line number="48" hits="1" branch="False" />
                <line number="49" hits="1" branch="False" />
                <line number="50" hits="1" branch="False" />
                <line number="51" hits="1" branch="False" />
                <line number="52" hits="1" branch="False" />
                <line number="53" hits="1" branch="False" />
                <line number="54" hits="1" branch="False" />
                <line number="55" hits="1" branch="False" />
              </lines>
            </method>
            <method name="UpdateStore" signature="(System.Guid,System.String,System.String)" line-rate="1" branch-rate="1" complexity="1">
              <lines>
                <line number="58" hits="1" branch="False" />
                <line number="59" hits="1" branch="False" />
                <line number="60" hits="1" branch="False" />
                <line number="61" hits="1" branch="False" />
                <line number="62" hits="1" branch="False" />
                <line number="63" hits="1" branch="False" />
              </lines>
            </method>
            <method name=".ctor" signature="()" line-rate="1" branch-rate="1" complexity="1">
              <lines>
                <line number="23" hits="9" branch="False" />
              </lines>
            </method>
          </methods>
          <lines>
            <line number="7" hits="4" branch="False" />
            <line number="8" hits="9" branch="False" />
            <line number="9" hits="6" branch="False" />
            <line number="10" hits="9" branch="False" />
            <line number="11" hits="5" branch="False" />
            <line number="12" hits="5" branch="False" />
            <line number="15" hits="6" branch="False" />
            <line number="16" hits="5" branch="False" />
            <line number="17" hits="5" branch="False" />
            <line number="19" hits="9" branch="False" />
            <line number="21" hits="7" branch="False" />
            <line number="30" hits="3" branch="False" />
            <line number="31" hits="3" branch="False" />
            <line number="32" hits="3" branch="False" />
            <line number="33" hits="3" branch="False" />
            <line number="34" hits="3" branch="False" />
            <line number="35" hits="3" branch="False" />
            <line number="36" hits="3" branch="False" />
            <line number="37" hits="3" branch="False" />
            <line number="38" hits="3" branch="False" />
            <line number="39" hits="3" branch="False" />
            <line number="40" hits="3" branch="False" />
            <line number="41" hits="3" branch="False" />
            <line number="42" hits="3" branch="False" />
            <line number="43" hits="3" branch="False" />
            <line number="47" hits="1" branch="False" />
            <line number="48" hits="1" branch="False" />
            <line number="49" hits="1" branch="False" />
            <line number="50" hits="1" branch="False" />
            <line number="51" hits="1" branch="False" />
            <line number="52" hits="1" branch="False" />
            <line number="53" hits="1" branch="False" />
            <line number="54" hits="1" branch="False" />
            <line number="55" hits="1" branch="False" />
            <line number="58" hits="1" branch="False" />
            <line number="59" hits="1" branch="False" />
            <line number="60" hits="1" branch="False" />
            <line number="61" hits="1" branch="False" />
            <line number="62" hits="1" branch="False" />
            <line number="63" hits="1" branch="False" />
            <line number="23" hits="9" branch="False" />
          </lines>
        </class>
        <class name="HiveSpace.NotificationService.Core.Dispatch.ChannelRouter" filename="Dispatch\ChannelRouter.cs" line-rate="1" branch-rate="1" complexity="3">
          <methods>
            <method name="HandleFailure" signature="(HiveSpace.NotificationService.Core.DomainModels.Notification,System.String)" line-rate="1" branch-rate="1" complexity="2">
              <lines>
                <line number="67" hits="4" branch="False" />
                <line number="68" hits="4" branch="True" condition-coverage="100% (2/2)">
                  <conditions>
                    <condition number="15" type="jump" coverage="100%" />
                  </conditions>
                </line>
                <line number="69" hits="1" branch="False" />
                <line number="70" hits="1" branch="False" />
                <line number="71" hits="1" branch="False" />
                <line number="72" hits="1" branch="False" />
                <line number="73" hits="1" branch="False" />
                <line number="76" hits="3" branch="False" />
                <line number="78" hits="3" branch="False" />
                <line number="79" hits="3" branch="False" />
                <line number="80" hits="4" branch="False" />
              </lines>
            </method>
            <method name=".ctor" signature="(System.Collections.Generic.IEnumerable`1&lt;HiveSpace.NotificationService.Core.Interfaces.IChannelProvider&gt;,HiveSpace.NotificationService.Core.Interfaces.IRateLimiter,HiveSpace.NotificationService.Core.Interfaces.IRetryScheduler,Microsoft.Extensions.Logging.ILogger`1&lt;HiveSpace.NotificationService.Core.Dispatch.ChannelRouter&gt;)" line-rate="1" branch-rate="1" complexity="1">
              <lines>
                <line number="7" hits="7" branch="False" />
                <line number="8" hits="7" branch="False" />
                <line number="9" hits="7" branch="False" />
                <line number="10" hits="7" branch="False" />
                <line number="11" hits="7" branch="False" />
              </lines>
            </method>
          </methods>
          <lines>
            <line number="67" hits="4" branch="False" />
            <line number="68" hits="4" branch="True" condition-coverage="100% (2/2)">
              <conditions>
                <condition number="15" type="jump" coverage="100%" />
              </conditions>
            </line>
            <line number="69" hits="1" branch="False" />
            <line number="70" hits="1" branch="False" />
            <line number="71" hits="1" branch="False" />
            <line number="72" hits="1" branch="False" />
            <line number="73" hits="1" branch="False" />
            <line number="76" hits="3" branch="False" />
            <line number="78" hits="3" branch="False" />
            <line number="79" hits="3" branch="False" />
            <line number="80" hits="4" branch="False" />
            <line number="7" hits="7" branch="False" />
            <line number="8" hits="7" branch="False" />
            <line number="9" hits="7" branch="False" />
            <line number="10" hits="7" branch="False" />
            <line number="11" hits="7" branch="False" />
          </lines>
        </class>
        <class name="HiveSpace.NotificationService.Core.Dispatch.ChannelRouter/&lt;&gt;c__DisplayClass6_0" filename="Dispatch\ChannelRouter.cs" line-rate="1" branch-rate="1" complexity="1">
          <methods>
            <method name="&lt;SendAsync&gt;b__0" signature="(HiveSpace.NotificationService.Core.Interfaces.IChannelProvider)" line-rate="1" branch-rate="1" complexity="1">
              <lines>
                <line number="20" hits="13" branch="False" />
              </lines>
            </method>
          </methods>
          <lines>
            <line number="20" hits="13" branch="False" />
          </lines>
        </class>
        <class name="HiveSpace.NotificationService.Core.Dispatch.ChannelRouter/&lt;SendAsync&gt;d__6" filename="Dispatch\ChannelRouter.cs" line-rate="1" branch-rate="1" complexity="8">
          <methods>
            <method name="MoveNext" signature="()" line-rate="1" branch-rate="1" complexity="8">
              <lines>
                <line number="19" hits="7" branch="False" />
                <line number="22" hits="7" branch="True" condition-coverage="100% (2/2)">
                  <conditions>
                    <condition number="107" type="jump" coverage="100%" />
                  </conditions>
                </line>
                <line number="23" hits="1" branch="False" />
                <line number="24" hits="1" branch="False" />
                <line number="25" hits="1" branch="False" />
                <line number="26" hits="1" branch="False" />
                <line number="29" hits="6" branch="True" condition-coverage="100% (2/2)">
                  <conditions>
                    <condition number="350" type="jump" coverage="100%" />
                  </conditions>
                </line>
                <line number="30" hits="1" branch="False" />
                <line number="31" hits="1" branch="False" />
                <line number="32" hits="1" branch="False" />
                <line number="33" hits="1" branch="False" />
                <line number="34" hits="1" branch="False" />
                <line number="38" hits="5" branch="False" />
                <line number="39" hits="5" branch="False" />
                <line number="41" hits="4" branch="False" />
                <line number="42" hits="4" branch="False" />
                <line number="43" hits="4" branch="False" />
                <line number="44" hits="4" branch="False" />
                <line number="45" hits="4" branch="False" />
                <line number="46" hits="4" branch="False" />
                <line number="47" hits="4" branch="False" />
                <line number="49" hits="4" branch="False" />
                <line number="51" hits="4" branch="True" condition-coverage="100% (2/2)">
                  <conditions>
                    <condition number="744" type="jump" coverage="100%" />
                  </conditions>
                </line>
                <line number="52" hits="1" branch="False" />
                <line number="54" hits="3" branch="True" condition-coverage="100% (2/2)">
                  <conditions>
                    <condition number="794" type="jump" coverage="100%" />
                  </conditions>
                </line>
                <line number="55" hits="4" branch="False" />
                <line number="56" hits="1" branch="False" />
                <line number="57" hits="1" branch="False" />
                <line number="58" hits="1" branch="False" />
                <line number="59" hits="1" branch="False" />
                <line number="61" hits="1" branch="False" />
                <line number="62" hits="1" branch="False" />
                <line number="63" hits="1" branch="False" />
                <line number="64" hits="7" branch="False" />
              </lines>
            </method>
          </methods>
          <lines>
            <line number="19" hits="7" branch="False" />
            <line number="22" hits="7" branch="True" condition-coverage="100% (2/2)">
              <conditions>
                <condition number="107" type="jump" coverage="100%" />
              </conditions>
            </line>
            <line number="23" hits="1" branch="False" />
            <line number="24" hits="1" branch="False" />
            <line number="25" hits="1" branch="False" />
            <line number="26" hits="1" branch="False" />
            <line number="29" hits="6" branch="True" condition-coverage="100% (2/2)">
              <conditions>
                <condition number="350" type="jump" coverage="100%" />
              </conditions>
            </line>
            <line number="30" hits="1" branch="False" />
            <line number="31" hits="1" branch="False" />
            <line number="32" hits="1" branch="False" />
            <line number="33" hits="1" branch="False" />
            <line number="34" hits="1" branch="False" />
            <line number="38" hits="5" branch="False" />
            <line number="39" hits="5" branch="False" />
            <line number="41" hits="4" branch="False" />
            <line number="42" hits="4" branch="False" />
            <line number="43" hits="4" branch="False" />
            <line number="44" hits="4" branch="False" />
            <line number="45" hits="4" branch="False" />
            <line number="46" hits="4" branch="False" />
            <line number="47" hits="4" branch="False" />
            <line number="49" hits="4" branch="False" />
            <line number="51" hits="4" branch="True" condition-coverage="100% (2/2)">
              <conditions>
                <condition number="744" type="jump" coverage="100%" />
              </conditions>
            </line>
            <line number="52" hits="1" branch="False" />
            <line number="54" hits="3" branch="True" condition-coverage="100% (2/2)">
              <conditions>
                <condition number="794" type="jump" coverage="100%" />
              </conditions>
            </line>
            <line number="55" hits="4" branch="False" />
            <line number="56" hits="1" branch="False" />
            <line number="57" hits="1" branch="False" />
            <line number="58" hits="1" branch="False" />
            <line number="59" hits="1" branch="False" />
            <line number="61" hits="1" branch="False" />
            <line number="62" hits="1" branch="False" />
            <line number="63" hits="1" branch="False" />
            <line number="64" hits="7" branch="False" />
          </lines>
        </class>
        <class name="HiveSpace.NotificationService.Core.Dispatch.NotificationDispatchPipeline" filename="Dispatch\NotificationDispatchPipeline.cs" line-rate="1" branch-rate="1" complexity="1">
          <methods>
            <method name=".ctor" signature="(HiveSpace.NotificationService.Core.Interfaces.IDeduplicationService,HiveSpace.NotificationService.Core.Interfaces.IUserPreferenceRepository,HiveSpace.NotificationService.Core.Interfaces.INotificationRepository,HiveSpace.NotificationService.Core.Interfaces.IChannelRouter,Microsoft.Extensions.Logging.ILogger`1&lt;HiveSpace.NotificationService.Core.Dispatch.NotificationDispatchPipeline&gt;)" line-rate="1" branch-rate="1" complexity="1">
              <lines>
                <line number="9" hits="4" branch="False" />
                <line number="10" hits="4" branch="False" />
                <line number="11" hits="4" branch="False" />
                <line number="12" hits="4" branch="False" />
                <line number="13" hits="4" branch="False" />
                <line number="14" hits="4" branch="False" />
              </lines>
            </method>
          </methods>
          <lines>
            <line number="9" hits="4" branch="False" />
            <line number="10" hits="4" branch="False" />
            <line number="11" hits="4" branch="False" />
            <line number="12" hits="4" branch="False" />
            <line number="13" hits="4" branch="False" />
            <line number="14" hits="4" branch="False" />
          </lines>
        </class>
        <class name="HiveSpace.NotificationService.Core.Dispatch.NotificationDispatchPipeline/&lt;&gt;c__DisplayClass6_0" filename="Dispatch\NotificationDispatchPipeline.cs" line-rate="1" branch-rate="1" complexity="1">
          <methods>
            <method name="&lt;DispatchAsync&gt;b__0" signature="(HiveSpace.NotificationService.Core.DomainModels.NotificationChannel)" line-rate="1" branch-rate="1" complexity="1">
              <lines>
                <line number="43" hits="3" branch="False" />
                <line number="44" hits="3" branch="False" />
                <line number="45" hits="3" branch="False" />
                <line number="46" hits="3" branch="False" />
                <line number="47" hits="3" branch="False" />
                <line number="48" hits="3" branch="False" />
              </lines>
            </method>
          </methods>
          <lines>
            <line number="43" hits="3" branch="False" />
            <line number="44" hits="3" branch="False" />
            <line number="45" hits="3" branch="False" />
            <line number="46" hits="3" branch="False" />
            <line number="47" hits="3" branch="False" />
            <line number="48" hits="3" branch="False" />
          </lines>
        </class>
        <class name="HiveSpace.NotificationService.Core.Dispatch.NotificationDispatchPipeline/&lt;DispatchAsync&gt;d__6" filename="Dispatch\NotificationDispatchPipeline.cs" line-rate="1" branch-rate="1" complexity="8">
          <methods>
            <method name="MoveNext" signature="()" line-rate="1" branch-rate="1" complexity="8">
              <lines>
                <line number="17" hits="4" branch="False" />
                <line number="18" hits="4" branch="True" condition-coverage="100% (2/2)">
                  <conditions>
                    <condition number="221" type="jump" coverage="100%" />
                  </conditions>
                </line>
                <line number="19" hits="1" branch="False" />
                <line number="20" hits="1" branch="False" />
                <line number="21" hits="1" branch="False" />
                <line number="25" hits="3" branch="True" condition-coverage="100% (2/2)">
                  <conditions>
                    <condition number="296" type="jump" coverage="100%" />
                  </conditions>
                </line>
                <line number="26" hits="1" branch="False" />
                <line number="27" hits="1" branch="False" />
                <line number="28" hits="1" branch="False" />
                <line number="30" hits="2" branch="False" />
                <line number="31" hits="2" branch="False" />
                <line number="32" hits="2" branch="False" />
                <line number="33" hits="2" branch="True" condition-coverage="100% (2/2)">
                  <conditions>
                    <condition number="524" type="jump" coverage="100%" />
                  </conditions>
                </line>
                <line number="34" hits="1" branch="False" />
                <line number="35" hits="1" branch="False" />
                <line number="36" hits="1" branch="False" />
                <line number="37" hits="1" branch="False" />
                <line number="39" hits="1" branch="False" />
                <line number="41" hits="2" branch="False" />
                <line number="42" hits="2" branch="False" />
                <line number="49" hits="2" branch="False" />
                <line number="51" hits="2" branch="False" />
                <line number="53" hits="2" branch="False" />
                <line number="54" hits="2" branch="False" />
                <line number="55" hits="2" branch="False" />
                <line number="57" hits="12" branch="True" condition-coverage="100% (2/2)">
                  <conditions>
                    <condition number="1000" type="jump" coverage="100%" />
                  </conditions>
                </line>
                <line number="58" hits="3" branch="False" />
                <line number="60" hits="2" branch="False" />
                <line number="61" hits="4" branch="False" />
              </lines>
            </method>
          </methods>
          <lines>
            <line number="17" hits="4" branch="False" />
            <line number="18" hits="4" branch="True" condition-coverage="100% (2/2)">
              <conditions>
                <condition number="221" type="jump" coverage="100%" />
              </conditions>
            </line>
            <line number="19" hits="1" branch="False" />
            <line number="20" hits="1" branch="False" />
            <line number="21" hits="1" branch="False" />
            <line number="25" hits="3" branch="True" condition-coverage="100% (2/2)">
              <conditions>
                <condition number="296" type="jump" coverage="100%" />
              </conditions>
            </line>
            <line number="26" hits="1" branch="False" />
            <line number="27" hits="1" branch="False" />
            <line number="28" hits="1" branch="False" />
            <line number="30" hits="2" branch="False" />
            <line number="31" hits="2" branch="False" />
            <line number="32" hits="2" branch="False" />
            <line number="33" hits="2" branch="True" condition-coverage="100% (2/2)">
              <conditions>
                <condition number="524" type="jump" coverage="100%" />
              </conditions>
            </line>
            <line number="34" hits="1" branch="False" />
            <line number="35" hits="1" branch="False" />
            <line number="36" hits="1" branch="False" />
            <line number="37" hits="1" branch="False" />
            <line number="39" hits="1" branch="False" />
            <line number="41" hits="2" branch="False" />
            <line number="42" hits="2" branch="False" />
            <line number="49" hits="2" branch="False" />
            <line number="51" hits="2" branch="False" />
            <line number="53" hits="2" branch="False" />
            <line number="54" hits="2" branch="False" />
            <line number="55" hits="2" branch="False" />
            <line number="57" hits="12" branch="True" condition-coverage="100% (2/2)">
              <conditions>
                <condition number="1000" type="jump" coverage="100%" />
              </conditions>
            </line>
            <line number="58" hits="3" branch="False" />
            <line number="60" hits="2" branch="False" />
            <line number="61" hits="4" branch="False" />
          </lines>
        </class>
      </classes>
    </package>
  </packages>
</coverage>